<?xml version="1.0" encoding="UTF-8"?>
<!-- Generated by org.testng.reporters.JUnitReportReporter -->
<testsuite hostname="LAPTOP-JTB9O7NL" failures="0" tests="1" name="test.testNG" time="0.013" errors="0" timestamp="2021-09-05T19:04:39 IST" skipped="0">
  <testcase classname="test.testNG" name="testngexamplee" time="0.013"/>
  <system-out/>
</testsuite> <!-- test.testNG -->
